#
# There is insufficient memory for the Java Runtime Environment to continue.
# Native memory allocation (malloc) failed to allocate 1697536 bytes for Chunk::new
# Possible reasons:
#   The system is out of physical RAM or swap space
#   The process is running with CompressedOops enabled, and the Java Heap may be blocking the growth of the native heap
# Possible solutions:
#   Reduce memory load on the system
#   Increase physical memory or swap space
#   Check if swap backing store is full
#   Decrease Java heap size (-Xmx/-Xms)
#   Decrease number of Java threads
#   Decrease Java thread stack sizes (-Xss)
#   Set larger code cache with -XX:ReservedCodeCacheSize=
#   JVM is running with Zero Based Compressed Oops mode in which the Java heap is
#     placed in the first 32GB address space. The Java Heap base address is the
#     maximum limit for the native heap growth. Please use -XX:HeapBaseMinAddress
#     to set the Java Heap base and to place the Java Heap above 32GB virtual address.
# This output file may be truncated or incomplete.
#
#  Out of Memory Error (arena.cpp:189), pid=28036, tid=15556
#
# JRE version: Java(TM) SE Runtime Environment (17.0.12+8) (build 17.0.12+8-LTS-286)
# Java VM: Java HotSpot(TM) 64-Bit Server VM (17.0.12+8-LTS-286, mixed mode, sharing, tiered, compressed oops, compressed class ptrs, g1 gc, windows-amd64)
# No core dump will be written. Minidumps are not enabled by default on client versions of Windows
#

---------------  S U M M A R Y ------------

Command Line: -Dclassworlds.conf=D:/JORGE/TRABAJO/HERRAMIENTAS/apache-maven-3.9.9/bin/m2.conf -Dmaven.home=D:/JORGE/TRABAJO/HERRAMIENTAS/apache-maven-3.9.9 -Dlibrary.jansi.path=D:/JORGE/TRABAJO/HERRAMIENTAS/apache-maven-3.9.9/lib/jansi-native -Dmaven.multiModuleProjectDirectory=D:/JORGE/APPS/ejercicio-practico-nttdata/msvc-customer-person org.codehaus.plexus.classworlds.launcher.Launcher clean package -DskipTests

Host: Intel(R) Core(TM) i7-8550U CPU @ 1.80GHz, 8 cores, 15G,  Windows 11 , 64 bit Build 26100 (10.0.26100.4768)
Time: Mon Sep 22 14:19:33 2025 Hora est. Pacífico, Sudamérica elapsed time: 7.051196 seconds (0d 0h 0m 7s)

---------------  T H R E A D  ---------------

Current thread (0x000001b51a843e40):  JavaThread "C2 CompilerThread0" daemon [_thread_in_native, id=15556, stack(0x0000007021200000,0x0000007021300000)]


Current CompileTask:
C2:   7051 3543   !   4       org.codehaus.plexus.interpolation.StringSearchInterpolator::interpolate (668 bytes)

Stack: [0x0000007021200000,0x0000007021300000]
Native frames: (J=compiled Java code, j=interpreted, Vv=VM code, C=native code)
V  [jvm.dll+0x67a04a]
V  [jvm.dll+0x7da4ed]
V  [jvm.dll+0x7dbe33]
V  [jvm.dll+0x7dc4a3]
V  [jvm.dll+0x24508f]
V  [jvm.dll+0xab773]
V  [jvm.dll+0xabd3c]
V  [jvm.dll+0x361bee]
V  [jvm.dll+0x32c431]
V  [jvm.dll+0x32b8ca]
V  [jvm.dll+0x21683f]
V  [jvm.dll+0x215c6f]
V  [jvm.dll+0x1a2960]
V  [jvm.dll+0x22610b]
V  [jvm.dll+0x2242ab]
V  [jvm.dll+0x79075c]
V  [jvm.dll+0x78abea]
V  [jvm.dll+0x678f35]
C  [ucrtbase.dll+0x37b0]
C  [KERNEL32.DLL+0x2e8d7]
C  [ntdll.dll+0x3c34c]


---------------  P R O C E S S  ---------------

Threads class SMR info:
_java_thread_list=0x000001b561871e30, length=13, elements={
0x000001b577b5cbb0, 0x000001b51a827db0, 0x000001b51a828970, 0x000001b51a83ee50,
0x000001b51a83fa10, 0x000001b51a8405d0, 0x000001b51a8430a0, 0x000001b51a843e40,
0x000001b51a845810, 0x000001b51a852640, 0x000001b51a98ef30, 0x000001b51a9939e0,
0x000001b560fb8a50
}

Java Threads: ( => current thread )
  0x000001b577b5cbb0 JavaThread "main" [_thread_in_Java, id=29100, stack(0x0000007020500000,0x0000007020600000)]
  0x000001b51a827db0 JavaThread "Reference Handler" daemon [_thread_blocked, id=28524, stack(0x0000007020c00000,0x0000007020d00000)]
  0x000001b51a828970 JavaThread "Finalizer" daemon [_thread_blocked, id=7552, stack(0x0000007020d00000,0x0000007020e00000)]
  0x000001b51a83ee50 JavaThread "Signal Dispatcher" daemon [_thread_blocked, id=10840, stack(0x0000007020e00000,0x0000007020f00000)]
  0x000001b51a83fa10 JavaThread "Attach Listener" daemon [_thread_blocked, id=10892, stack(0x0000007020f00000,0x0000007021000000)]
  0x000001b51a8405d0 JavaThread "Service Thread" daemon [_thread_blocked, id=10300, stack(0x0000007021000000,0x0000007021100000)]
  0x000001b51a8430a0 JavaThread "Monitor Deflation Thread" daemon [_thread_blocked, id=24016, stack(0x0000007021100000,0x0000007021200000)]
=>0x000001b51a843e40 JavaThread "C2 CompilerThread0" daemon [_thread_in_native, id=15556, stack(0x0000007021200000,0x0000007021300000)]
  0x000001b51a845810 JavaThread "C1 CompilerThread0" daemon [_thread_blocked, id=10088, stack(0x0000007021300000,0x0000007021400000)]
  0x000001b51a852640 JavaThread "Sweeper thread" daemon [_thread_blocked, id=30940, stack(0x0000007021400000,0x0000007021500000)]
  0x000001b51a98ef30 JavaThread "Notification Thread" daemon [_thread_blocked, id=15936, stack(0x0000007021500000,0x0000007021600000)]
  0x000001b51a9939e0 JavaThread "Common-Cleaner" daemon [_thread_blocked, id=24516, stack(0x0000007021700000,0x0000007021800000)]
  0x000001b560fb8a50 JavaThread "Thread-1" daemon [_thread_blocked, id=19120, stack(0x0000007022100000,0x0000007022200000)]

Other Threads:
  0x000001b51a824310 VMThread "VM Thread" [stack: 0x0000007020b00000,0x0000007020c00000] [id=9948]
  0x000001b577be5370 WatcherThread [stack: 0x0000007021600000,0x0000007021700000] [id=20468]
  0x000001b577bcaea0 GCTaskThread "GC Thread#0" [stack: 0x0000007020600000,0x0000007020700000] [id=8992]
  0x000001b560febd10 GCTaskThread "GC Thread#1" [stack: 0x0000007021a00000,0x0000007021b00000] [id=26376]
  0x000001b51a9fd920 GCTaskThread "GC Thread#2" [stack: 0x0000007021b00000,0x0000007021c00000] [id=18648]
  0x000001b560a39710 GCTaskThread "GC Thread#3" [stack: 0x0000007021c00000,0x0000007021d00000] [id=11932]
  0x000001b56063fa00 GCTaskThread "GC Thread#4" [stack: 0x0000007021d00000,0x0000007021e00000] [id=8964]
  0x000001b5606169e0 GCTaskThread "GC Thread#5" [stack: 0x0000007021e00000,0x0000007021f00000] [id=10564]
  0x000001b560ed4a60 GCTaskThread "GC Thread#6" [stack: 0x0000007021f00000,0x0000007022000000] [id=26516]
  0x000001b5609a8b70 GCTaskThread "GC Thread#7" [stack: 0x0000007022000000,0x0000007022100000] [id=19968]
  0x000001b577bdba30 ConcurrentGCThread "G1 Main Marker" [stack: 0x0000007020700000,0x0000007020800000] [id=10468]
  0x000001b577bde120 ConcurrentGCThread "G1 Conc#0" [stack: 0x0000007020800000,0x0000007020900000] [id=30912]
  0x000001b577c2e6f0 ConcurrentGCThread "G1 Refine#0" [stack: 0x0000007020900000,0x0000007020a00000] [id=26316]
  0x000001b51a6d5890 ConcurrentGCThread "G1 Service" [stack: 0x0000007020a00000,0x0000007020b00000] [id=16772]

Threads with active compile tasks:
C2 CompilerThread0     7086 3543   !   4       org.codehaus.plexus.interpolation.StringSearchInterpolator::interpolate (668 bytes)

VM state: not at safepoint (normal execution)

VM Mutex/Monitor currently owned by a thread: None

Heap address: 0x0000000704400000, size: 4028 MB, Compressed Oops mode: Zero based, Oop shift amount: 3

CDS archive(s) mapped at: [0x000001b51b000000-0x000001b51bbd0000-0x000001b51bbd0000), size 12386304, SharedBaseAddress: 0x000001b51b000000, ArchiveRelocationMode: 1.
Compressed class space mapped at: 0x000001b51c000000-0x000001b55c000000, reserved size: 1073741824
Narrow klass base: 0x000001b51b000000, Narrow klass shift: 0, Narrow klass range: 0x100000000

GC Precious Log:
 CPUs: 8 total, 8 available
 Memory: 16107M
 Large Page Support: Disabled
 NUMA Support: Disabled
 Compressed Oops: Enabled (Zero based)
 Heap Region Size: 2M
 Heap Min Capacity: 8M
 Heap Initial Capacity: 252M
 Heap Max Capacity: 4028M
 Pre-touch: Disabled
 Parallel Workers: 8
 Concurrent Workers: 2
 Concurrent Refinement Workers: 8
 Periodic GC: Disabled

Heap:
 garbage-first heap   total 258048K, used 82974K [0x0000000704400000, 0x0000000800000000)
  region size 2048K, 40 young (81920K), 1 survivors (2048K)
 Metaspace       used 15621K, committed 15808K, reserved 1114112K
  class space    used 1862K, committed 1920K, reserved 1048576K

Heap Regions: E=young(eden), S=young(survivor), O=old, HS=humongous(starts), HC=humongous(continues), CS=collection set, F=free, OA=open archive, CA=closed archive, TAMS=top-at-mark-start (previous, next)
|   0|0x0000000704400000, 0x0000000704600000, 0x0000000704600000|100%| O|  |TAMS 0x0000000704400000, 0x0000000704400000| Untracked 
|   1|0x0000000704600000, 0x0000000704763200, 0x0000000704800000| 69%| O|  |TAMS 0x0000000704600000, 0x0000000704600000| Untracked 
|   2|0x0000000704800000, 0x0000000704800000, 0x0000000704a00000|  0%| F|  |TAMS 0x0000000704800000, 0x0000000704800000| Untracked 
|   3|0x0000000704a00000, 0x0000000704a00000, 0x0000000704c00000|  0%| F|  |TAMS 0x0000000704a00000, 0x0000000704a00000| Untracked 
|   4|0x0000000704c00000, 0x0000000704c00000, 0x0000000704e00000|  0%| F|  |TAMS 0x0000000704c00000, 0x0000000704c00000| Untracked 
|   5|0x0000000704e00000, 0x0000000704e00000, 0x0000000705000000|  0%| F|  |TAMS 0x0000000704e00000, 0x0000000704e00000| Untracked 
|   6|0x0000000705000000, 0x0000000705000000, 0x0000000705200000|  0%| F|  |TAMS 0x0000000705000000, 0x0000000705000000| Untracked 
|   7|0x0000000705200000, 0x0000000705200000, 0x0000000705400000|  0%| F|  |TAMS 0x0000000705200000, 0x0000000705200000| Untracked 
|   8|0x0000000705400000, 0x0000000705400000, 0x0000000705600000|  0%| F|  |TAMS 0x0000000705400000, 0x0000000705400000| Untracked 
|   9|0x0000000705600000, 0x0000000705600000, 0x0000000705800000|  0%| F|  |TAMS 0x0000000705600000, 0x0000000705600000| Untracked 
|  10|0x0000000705800000, 0x0000000705800000, 0x0000000705a00000|  0%| F|  |TAMS 0x0000000705800000, 0x0000000705800000| Untracked 
|  11|0x0000000705a00000, 0x0000000705a00000, 0x0000000705c00000|  0%| F|  |TAMS 0x0000000705a00000, 0x0000000705a00000| Untracked 
|  12|0x0000000705c00000, 0x0000000705c00000, 0x0000000705e00000|  0%| F|  |TAMS 0x0000000705c00000, 0x0000000705c00000| Untracked 
|  13|0x0000000705e00000, 0x0000000705e00000, 0x0000000706000000|  0%| F|  |TAMS 0x0000000705e00000, 0x0000000705e00000| Untracked 
|  14|0x0000000706000000, 0x0000000706000000, 0x0000000706200000|  0%| F|  |TAMS 0x0000000706000000, 0x0000000706000000| Untracked 
|  15|0x0000000706200000, 0x0000000706200000, 0x0000000706400000|  0%| F|  |TAMS 0x0000000706200000, 0x0000000706200000| Untracked 
|  16|0x0000000706400000, 0x0000000706400000, 0x0000000706600000|  0%| F|  |TAMS 0x0000000706400000, 0x0000000706400000| Untracked 
|  17|0x0000000706600000, 0x0000000706600000, 0x0000000706800000|  0%| F|  |TAMS 0x0000000706600000, 0x0000000706600000| Untracked 
|  18|0x0000000706800000, 0x0000000706800000, 0x0000000706a00000|  0%| F|  |TAMS 0x0000000706800000, 0x0000000706800000| Untracked 
|  19|0x0000000706a00000, 0x0000000706a00000, 0x0000000706c00000|  0%| F|  |TAMS 0x0000000706a00000, 0x0000000706a00000| Untracked 
|  20|0x0000000706c00000, 0x0000000706c00000, 0x0000000706e00000|  0%| F|  |TAMS 0x0000000706c00000, 0x0000000706c00000| Untracked 
|  21|0x0000000706e00000, 0x0000000706e00000, 0x0000000707000000|  0%| F|  |TAMS 0x0000000706e00000, 0x0000000706e00000| Untracked 
|  22|0x0000000707000000, 0x0000000707000000, 0x0000000707200000|  0%| F|  |TAMS 0x0000000707000000, 0x0000000707000000| Untracked 
|  23|0x0000000707200000, 0x0000000707200000, 0x0000000707400000|  0%| F|  |TAMS 0x0000000707200000, 0x0000000707200000| Untracked 
|  24|0x0000000707400000, 0x0000000707400000, 0x0000000707600000|  0%| F|  |TAMS 0x0000000707400000, 0x0000000707400000| Untracked 
|  25|0x0000000707600000, 0x0000000707600000, 0x0000000707800000|  0%| F|  |TAMS 0x0000000707600000, 0x0000000707600000| Untracked 
|  26|0x0000000707800000, 0x0000000707800000, 0x0000000707a00000|  0%| F|  |TAMS 0x0000000707800000, 0x0000000707800000| Untracked 
|  27|0x0000000707a00000, 0x0000000707a00000, 0x0000000707c00000|  0%| F|  |TAMS 0x0000000707a00000, 0x0000000707a00000| Untracked 
|  28|0x0000000707c00000, 0x0000000707c00000, 0x0000000707e00000|  0%| F|  |TAMS 0x0000000707c00000, 0x0000000707c00000| Untracked 
|  29|0x0000000707e00000, 0x0000000707e00000, 0x0000000708000000|  0%| F|  |TAMS 0x0000000707e00000, 0x0000000707e00000| Untracked 
|  30|0x0000000708000000, 0x0000000708000000, 0x0000000708200000|  0%| F|  |TAMS 0x0000000708000000, 0x0000000708000000| Untracked 
|  31|0x0000000708200000, 0x0000000708200000, 0x0000000708400000|  0%| F|  |TAMS 0x0000000708200000, 0x0000000708200000| Untracked 
|  32|0x0000000708400000, 0x0000000708400000, 0x0000000708600000|  0%| F|  |TAMS 0x0000000708400000, 0x0000000708400000| Untracked 
|  33|0x0000000708600000, 0x0000000708600000, 0x0000000708800000|  0%| F|  |TAMS 0x0000000708600000, 0x0000000708600000| Untracked 
|  34|0x0000000708800000, 0x0000000708800000, 0x0000000708a00000|  0%| F|  |TAMS 0x0000000708800000, 0x0000000708800000| Untracked 
|  35|0x0000000708a00000, 0x0000000708a00000, 0x0000000708c00000|  0%| F|  |TAMS 0x0000000708a00000, 0x0000000708a00000| Untracked 
|  36|0x0000000708c00000, 0x0000000708c00000, 0x0000000708e00000|  0%| F|  |TAMS 0x0000000708c00000, 0x0000000708c00000| Untracked 
|  37|0x0000000708e00000, 0x0000000708e00000, 0x0000000709000000|  0%| F|  |TAMS 0x0000000708e00000, 0x0000000708e00000| Untracked 
|  38|0x0000000709000000, 0x0000000709000000, 0x0000000709200000|  0%| F|  |TAMS 0x0000000709000000, 0x0000000709000000| Untracked 
|  39|0x0000000709200000, 0x0000000709200000, 0x0000000709400000|  0%| F|  |TAMS 0x0000000709200000, 0x0000000709200000| Untracked 
|  40|0x0000000709400000, 0x0000000709400000, 0x0000000709600000|  0%| F|  |TAMS 0x0000000709400000, 0x0000000709400000| Untracked 
|  41|0x0000000709600000, 0x0000000709600000, 0x0000000709800000|  0%| F|  |TAMS 0x0000000709600000, 0x0000000709600000| Untracked 
|  42|0x0000000709800000, 0x0000000709800000, 0x0000000709a00000|  0%| F|  |TAMS 0x0000000709800000, 0x0000000709800000| Untracked 
|  43|0x0000000709a00000, 0x0000000709a00000, 0x0000000709c00000|  0%| F|  |TAMS 0x0000000709a00000, 0x0000000709a00000| Untracked 
|  44|0x0000000709c00000, 0x0000000709c00000, 0x0000000709e00000|  0%| F|  |TAMS 0x0000000709c00000, 0x0000000709c00000| Untracked 
|  45|0x0000000709e00000, 0x0000000709e00000, 0x000000070a000000|  0%| F|  |TAMS 0x0000000709e00000, 0x0000000709e00000| Untracked 
|  46|0x000000070a000000, 0x000000070a000000, 0x000000070a200000|  0%| F|  |TAMS 0x000000070a000000, 0x000000070a000000| Untracked 
|  47|0x000000070a200000, 0x000000070a200000, 0x000000070a400000|  0%| F|  |TAMS 0x000000070a200000, 0x000000070a200000| Untracked 
|  48|0x000000070a400000, 0x000000070a400000, 0x000000070a600000|  0%| F|  |TAMS 0x000000070a400000, 0x000000070a400000| Untracked 
|  49|0x000000070a600000, 0x000000070a600000, 0x000000070a800000|  0%| F|  |TAMS 0x000000070a600000, 0x000000070a600000| Untracked 
|  50|0x000000070a800000, 0x000000070a800000, 0x000000070aa00000|  0%| F|  |TAMS 0x000000070a800000, 0x000000070a800000| Untracked 
|  51|0x000000070aa00000, 0x000000070aa00000, 0x000000070ac00000|  0%| F|  |TAMS 0x000000070aa00000, 0x000000070aa00000| Untracked 
|  52|0x000000070ac00000, 0x000000070ac00000, 0x000000070ae00000|  0%| F|  |TAMS 0x000000070ac00000, 0x000000070ac00000| Untracked 
|  53|0x000000070ae00000, 0x000000070ae00000, 0x000000070b000000|  0%| F|  |TAMS 0x000000070ae00000, 0x000000070ae00000| Untracked 
|  54|0x000000070b000000, 0x000000070b000000, 0x000000070b200000|  0%| F|  |TAMS 0x000000070b000000, 0x000000070b000000| Untracked 
|  55|0x000000070b200000, 0x000000070b200000, 0x000000070b400000|  0%| F|  |TAMS 0x000000070b200000, 0x000000070b200000| Untracked 
|  56|0x000000070b400000, 0x000000070b400000, 0x000000070b600000|  0%| F|  |TAMS 0x000000070b400000, 0x000000070b400000| Untracked 
|  57|0x000000070b600000, 0x000000070b600000, 0x000000070b800000|  0%| F|  |TAMS 0x000000070b600000, 0x000000070b600000| Untracked 
|  58|0x000000070b800000, 0x000000070b800000, 0x000000070ba00000|  0%| F|  |TAMS 0x000000070b800000, 0x000000070b800000| Untracked 
|  59|0x000000070ba00000, 0x000000070ba00000, 0x000000070bc00000|  0%| F|  |TAMS 0x000000070ba00000, 0x000000070ba00000| Untracked 
|  60|0x000000070bc00000, 0x000000070bc00000, 0x000000070be00000|  0%| F|  |TAMS 0x000000070bc00000, 0x000000070bc00000| Untracked 
|  61|0x000000070be00000, 0x000000070be00000, 0x000000070c000000|  0%| F|  |TAMS 0x000000070be00000, 0x000000070be00000| Untracked 
|  62|0x000000070c000000, 0x000000070c000000, 0x000000070c200000|  0%| F|  |TAMS 0x000000070c000000, 0x000000070c000000| Untracked 
|  63|0x000000070c200000, 0x000000070c200000, 0x000000070c400000|  0%| F|  |TAMS 0x000000070c200000, 0x000000070c200000| Untracked 
|  64|0x000000070c400000, 0x000000070c400000, 0x000000070c600000|  0%| F|  |TAMS 0x000000070c400000, 0x000000070c400000| Untracked 
|  65|0x000000070c600000, 0x000000070c600000, 0x000000070c800000|  0%| F|  |TAMS 0x000000070c600000, 0x000000070c600000| Untracked 
|  66|0x000000070c800000, 0x000000070c800000, 0x000000070ca00000|  0%| F|  |TAMS 0x000000070c800000, 0x000000070c800000| Untracked 
|  67|0x000000070ca00000, 0x000000070ca00000, 0x000000070cc00000|  0%| F|  |TAMS 0x000000070ca00000, 0x000000070ca00000| Untracked 
|  68|0x000000070cc00000, 0x000000070cc00000, 0x000000070ce00000|  0%| F|  |TAMS 0x000000070cc00000, 0x000000070cc00000| Untracked 
|  69|0x000000070ce00000, 0x000000070ce00000, 0x000000070d000000|  0%| F|  |TAMS 0x000000070ce00000, 0x000000070ce00000| Untracked 
|  70|0x000000070d000000, 0x000000070d000000, 0x000000070d200000|  0%| F|  |TAMS 0x000000070d000000, 0x000000070d000000| Untracked 
|  71|0x000000070d200000, 0x000000070d200000, 0x000000070d400000|  0%| F|  |TAMS 0x000000070d200000, 0x000000070d200000| Untracked 
|  72|0x000000070d400000, 0x000000070d400000, 0x000000070d600000|  0%| F|  |TAMS 0x000000070d400000, 0x000000070d400000| Untracked 
|  73|0x000000070d600000, 0x000000070d600000, 0x000000070d800000|  0%| F|  |TAMS 0x000000070d600000, 0x000000070d600000| Untracked 
|  74|0x000000070d800000, 0x000000070d800000, 0x000000070da00000|  0%| F|  |TAMS 0x000000070d800000, 0x000000070d800000| Untracked 
|  75|0x000000070da00000, 0x000000070da00000, 0x000000070dc00000|  0%| F|  |TAMS 0x000000070da00000, 0x000000070da00000| Untracked 
|  76|0x000000070dc00000, 0x000000070dc00000, 0x000000070de00000|  0%| F|  |TAMS 0x000000070dc00000, 0x000000070dc00000| Untracked 
|  77|0x000000070de00000, 0x000000070de00000, 0x000000070e000000|  0%| F|  |TAMS 0x000000070de00000, 0x000000070de00000| Untracked 
|  78|0x000000070e000000, 0x000000070e000000, 0x000000070e200000|  0%| F|  |TAMS 0x000000070e000000, 0x000000070e000000| Untracked 
|  79|0x000000070e200000, 0x000000070e200000, 0x000000070e400000|  0%| F|  |TAMS 0x000000070e200000, 0x000000070e200000| Untracked 
|  80|0x000000070e400000, 0x000000070e400000, 0x000000070e600000|  0%| F|  |TAMS 0x000000070e400000, 0x000000070e400000| Untracked 
|  81|0x000000070e600000, 0x000000070e600000, 0x000000070e800000|  0%| F|  |TAMS 0x000000070e600000, 0x000000070e600000| Untracked 
|  82|0x000000070e800000, 0x000000070e800000, 0x000000070ea00000|  0%| F|  |TAMS 0x000000070e800000, 0x000000070e800000| Untracked 
|  83|0x000000070ea00000, 0x000000070ea00000, 0x000000070ec00000|  0%| F|  |TAMS 0x000000070ea00000, 0x000000070ea00000| Untracked 
|  84|0x000000070ec00000, 0x000000070ec00000, 0x000000070ee00000|  0%| F|  |TAMS 0x000000070ec00000, 0x000000070ec00000| Untracked 
|  85|0x000000070ee00000, 0x000000070ee00000, 0x000000070f000000|  0%| F|  |TAMS 0x000000070ee00000, 0x000000070ee00000| Untracked 
|  86|0x000000070f000000, 0x000000070f200000, 0x000000070f200000|100%| E|  |TAMS 0x000000070f000000, 0x000000070f000000| Complete 
|  87|0x000000070f200000, 0x000000070f400000, 0x000000070f400000|100%| E|CS|TAMS 0x000000070f200000, 0x000000070f200000| Complete 
|  88|0x000000070f400000, 0x000000070f600000, 0x000000070f600000|100%| E|CS|TAMS 0x000000070f400000, 0x000000070f400000| Complete 
|  89|0x000000070f600000, 0x000000070f800000, 0x000000070f800000|100%| E|CS|TAMS 0x000000070f600000, 0x000000070f600000| Complete 
|  90|0x000000070f800000, 0x000000070fa00000, 0x000000070fa00000|100%| E|CS|TAMS 0x000000070f800000, 0x000000070f800000| Complete 
|  91|0x000000070fa00000, 0x000000070fc00000, 0x000000070fc00000|100%| E|CS|TAMS 0x000000070fa00000, 0x000000070fa00000| Complete 
|  92|0x000000070fc00000, 0x000000070fe00000, 0x000000070fe00000|100%| E|CS|TAMS 0x000000070fc00000, 0x000000070fc00000| Complete 
|  93|0x000000070fe00000, 0x0000000710000000, 0x0000000710000000|100%| E|CS|TAMS 0x000000070fe00000, 0x000000070fe00000| Complete 
|  94|0x0000000710000000, 0x0000000710200000, 0x0000000710200000|100%| E|CS|TAMS 0x0000000710000000, 0x0000000710000000| Complete 
|  95|0x0000000710200000, 0x0000000710400000, 0x0000000710400000|100%| E|CS|TAMS 0x0000000710200000, 0x0000000710200000| Complete 
|  96|0x0000000710400000, 0x0000000710600000, 0x0000000710600000|100%| E|CS|TAMS 0x0000000710400000, 0x0000000710400000| Complete 
|  97|0x0000000710600000, 0x0000000710800000, 0x0000000710800000|100%| E|CS|TAMS 0x0000000710600000, 0x0000000710600000| Complete 
|  98|0x0000000710800000, 0x0000000710a00000, 0x0000000710a00000|100%| E|CS|TAMS 0x0000000710800000, 0x0000000710800000| Complete 
|  99|0x0000000710a00000, 0x0000000710c00000, 0x0000000710c00000|100%| E|CS|TAMS 0x0000000710a00000, 0x0000000710a00000| Complete 
| 100|0x0000000710c00000, 0x0000000710e00000, 0x0000000710e00000|100%| E|CS|TAMS 0x0000000710c00000, 0x0000000710c00000| Complete 
| 101|0x0000000710e00000, 0x0000000711000000, 0x0000000711000000|100%| E|CS|TAMS 0x0000000710e00000, 0x0000000710e00000| Complete 
| 102|0x0000000711000000, 0x0000000711200000, 0x0000000711200000|100%| E|CS|TAMS 0x0000000711000000, 0x0000000711000000| Complete 
| 103|0x0000000711200000, 0x0000000711400000, 0x0000000711400000|100%| E|CS|TAMS 0x0000000711200000, 0x0000000711200000| Complete 
| 104|0x0000000711400000, 0x0000000711600000, 0x0000000711600000|100%| E|CS|TAMS 0x0000000711400000, 0x0000000711400000| Complete 
| 105|0x0000000711600000, 0x0000000711800000, 0x0000000711800000|100%| E|CS|TAMS 0x0000000711600000, 0x0000000711600000| Complete 
| 106|0x0000000711800000, 0x0000000711a00000, 0x0000000711a00000|100%| E|CS|TAMS 0x0000000711800000, 0x0000000711800000| Complete 
| 107|0x0000000711a00000, 0x0000000711c00000, 0x0000000711c00000|100%| E|CS|TAMS 0x0000000711a00000, 0x0000000711a00000| Complete 
| 108|0x0000000711c00000, 0x0000000711da4698, 0x0000000711e00000| 82%| S|CS|TAMS 0x0000000711c00000, 0x0000000711c00000| Complete 
| 109|0x0000000711e00000, 0x0000000712000000, 0x0000000712000000|100%| E|CS|TAMS 0x0000000711e00000, 0x0000000711e00000| Complete 
| 110|0x0000000712000000, 0x0000000712200000, 0x0000000712200000|100%| E|CS|TAMS 0x0000000712000000, 0x0000000712000000| Complete 
| 111|0x0000000712200000, 0x0000000712400000, 0x0000000712400000|100%| E|CS|TAMS 0x0000000712200000, 0x0000000712200000| Complete 
| 112|0x0000000712400000, 0x0000000712600000, 0x0000000712600000|100%| E|CS|TAMS 0x0000000712400000, 0x0000000712400000| Complete 
| 113|0x0000000712600000, 0x0000000712800000, 0x0000000712800000|100%| E|CS|TAMS 0x0000000712600000, 0x0000000712600000| Complete 
| 114|0x0000000712800000, 0x0000000712a00000, 0x0000000712a00000|100%| E|CS|TAMS 0x0000000712800000, 0x0000000712800000| Complete 
| 115|0x0000000712a00000, 0x0000000712c00000, 0x0000000712c00000|100%| E|CS|TAMS 0x0000000712a00000, 0x0000000712a00000| Complete 
| 116|0x0000000712c00000, 0x0000000712e00000, 0x0000000712e00000|100%| E|CS|TAMS 0x0000000712c00000, 0x0000000712c00000| Complete 
| 117|0x0000000712e00000, 0x0000000713000000, 0x0000000713000000|100%| E|CS|TAMS 0x0000000712e00000, 0x0000000712e00000| Complete 
| 118|0x0000000713000000, 0x0000000713200000, 0x0000000713200000|100%| E|CS|TAMS 0x0000000713000000, 0x0000000713000000| Complete 
| 119|0x0000000713200000, 0x0000000713400000, 0x0000000713400000|100%| E|CS|TAMS 0x0000000713200000, 0x0000000713200000| Complete 
| 120|0x0000000713400000, 0x0000000713600000, 0x0000000713600000|100%| E|CS|TAMS 0x0000000713400000, 0x0000000713400000| Complete 
| 121|0x0000000713600000, 0x0000000713800000, 0x0000000713800000|100%| E|CS|TAMS 0x0000000713600000, 0x0000000713600000| Complete 
| 122|0x0000000713800000, 0x0000000713a00000, 0x0000000713a00000|100%| E|CS|TAMS 0x0000000713800000, 0x0000000713800000| Complete 
| 123|0x0000000713a00000, 0x0000000713c00000, 0x0000000713c00000|100%| E|CS|TAMS 0x0000000713a00000, 0x0000000713a00000| Complete 
| 124|0x0000000713c00000, 0x0000000713e00000, 0x0000000713e00000|100%| E|CS|TAMS 0x0000000713c00000, 0x0000000713c00000| Complete 
| 125|0x0000000713e00000, 0x0000000714000000, 0x0000000714000000|100%| E|CS|TAMS 0x0000000713e00000, 0x0000000713e00000| Complete 

Card table byte_map: [0x000001b50f000000,0x000001b50f7e0000] _byte_map_base: 0x000001b50b7de000

Marking Bits (Prev, Next): (CMBitMap*) 0x000001b577bcb4c0, (CMBitMap*) 0x000001b577bcb500
 Prev Bits: [0x000001b50ffc0000, 0x000001b513eb0000)
 Next Bits: [0x000001b513eb0000, 0x000001b517da0000)

Polling page: 0x000001b575b00000

Metaspace:

Usage:
  Non-class:     13.44 MB used.
      Class:      1.82 MB used.
       Both:     15.26 MB used.

Virtual space:
  Non-class space:       64.00 MB reserved,      13.56 MB ( 21%) committed,  1 nodes.
      Class space:        1.00 GB reserved,       1.88 MB ( <1%) committed,  1 nodes.
             Both:        1.06 GB reserved,      15.44 MB (  1%) committed. 

Chunk freelists:
   Non-Class:  1.90 MB
       Class:  13.95 MB
        Both:  15.85 MB

MaxMetaspaceSize: unlimited
CompressedClassSpaceSize: 1.00 GB
Initial GC threshold: 21.00 MB
Current GC threshold: 21.00 MB
CDS: on
MetaspaceReclaimPolicy: balanced
 - commit_granule_bytes: 65536.
 - commit_granule_words: 8192.
 - virtual_space_node_default_size: 8388608.
 - enlarge_chunks_in_place: 1.
 - new_chunks_are_fully_committed: 0.
 - uncommit_free_chunks: 1.
 - use_allocation_guard: 0.
 - handle_deallocations: 1.


Internal statistics:

num_allocs_failed_limit: 0.
num_arena_births: 104.
num_arena_deaths: 0.
num_vsnodes_births: 2.
num_vsnodes_deaths: 0.
num_space_committed: 247.
num_space_uncommitted: 0.
num_chunks_returned_to_freelist: 0.
num_chunks_taken_from_freelist: 650.
num_chunk_merges: 0.
num_chunk_splits: 442.
num_chunks_enlarged: 352.
num_inconsistent_stats: 0.

CodeHeap 'non-profiled nmethods': size=120000Kb used=1901Kb max_used=1901Kb free=118099Kb
 bounds [0x000001b507ad0000, 0x000001b507d40000, 0x000001b50f000000]
CodeHeap 'profiled nmethods': size=120000Kb used=7566Kb max_used=7566Kb free=112433Kb
 bounds [0x000001b500000000, 0x000001b500770000, 0x000001b507530000]
CodeHeap 'non-nmethods': size=5760Kb used=1179Kb max_used=1254Kb free=4581Kb
 bounds [0x000001b507530000, 0x000001b5077a0000, 0x000001b507ad0000]
 total_blobs=4241 nmethods=3771 adapters=382
 compilation: enabled
              stopped_count=0, restarted_count=0
 full_count=0

Compilation events (20 events):
Event: 6.592 Thread 0x000001b51a845810 nmethod 3737 0x000001b500750290 code [0x000001b500750440, 0x000001b500750738]
Event: 6.597 Thread 0x000001b51a845810 3739       3       java.util.concurrent.ConcurrentHashMap$ReservationNode::<init> (9 bytes)
Event: 6.597 Thread 0x000001b51a845810 nmethod 3739 0x000001b500750810 code [0x000001b5007509c0, 0x000001b500750c38]
Event: 6.599 Thread 0x000001b56068fd80 3740       4       java.lang.String::indexOf (7 bytes)
Event: 6.600 Thread 0x000001b51a845810 3741       3       org.apache.maven.model.ConfigurationContainer::getOtherLocation (25 bytes)
Event: 6.600 Thread 0x000001b56068fd80 nmethod 3740 0x000001b507ca9a10 code [0x000001b507ca9ba0, 0x000001b507ca9d88]
Event: 6.600 Thread 0x000001b51a845810 nmethod 3741 0x000001b500750d10 code [0x000001b500750ec0, 0x000001b500751208]
Event: 6.600 Thread 0x000001b51a845810 3742       3       org.apache.maven.model.RepositoryBase::getLocation (209 bytes)
Event: 6.601 Thread 0x000001b51a845810 nmethod 3742 0x000001b500751310 code [0x000001b5007515c0, 0x000001b500752458]
Event: 6.601 Thread 0x000001b51a845810 3743       3       org.apache.maven.model.ConfigurationContainer::getLocation (147 bytes)
Event: 6.601 Thread 0x000001b51a845810 nmethod 3743 0x000001b500752690 code [0x000001b500752900, 0x000001b500753558]
Event: 6.601 Thread 0x000001b51a845810 3746       3       java.util.Objects::hash (5 bytes)
Event: 6.601 Thread 0x000001b51a845810 nmethod 3746 0x000001b500753790 code [0x000001b500753920, 0x000001b500753a28]
Event: 6.601 Thread 0x000001b51a845810 3744       3       org.apache.maven.model.interpolation.StringVisitorModelInterpolator$ModelVisitor::visit (87 bytes)
Event: 6.602 Thread 0x000001b51a845810 nmethod 3744 0x000001b500753b10 code [0x000001b500753d80, 0x000001b500754ae8]
Event: 6.602 Thread 0x000001b51a845810 3745       3       org.apache.maven.model.validation.DefaultModelValidator::validateDependencyVersion (25 bytes)
Event: 6.602 Thread 0x000001b51a845810 nmethod 3745 0x000001b500754f10 code [0x000001b5007550c0, 0x000001b5007552b8]
Event: 6.602 Thread 0x000001b51a845810 3747       1       org.eclipse.aether.resolution.VersionRangeRequest::getArtifact (5 bytes)
Event: 7.028 Thread 0x000001b51a845810 nmethod 3747 0x000001b507ca9f10 code [0x000001b507caa0a0, 0x000001b507caa178]
Event: 7.028 Thread 0x000001b51a845810 3749       3       java.util.stream.Collectors::uniqKeysMapAccumulator (8 bytes)

GC Heap History (4 events):
Event: 4.729 GC heap before
{Heap before GC invocations=0 (full 0):
 garbage-first heap   total 258048K, used 22528K [0x0000000704400000, 0x0000000800000000)
  region size 2048K, 11 young (22528K), 0 survivors (0K)
 Metaspace       used 5435K, committed 5632K, reserved 1114112K
  class space    used 655K, committed 768K, reserved 1048576K
}
Event: 4.733 GC heap after
{Heap after GC invocations=1 (full 0):
 garbage-first heap   total 258048K, used 3719K [0x0000000704400000, 0x0000000800000000)
  region size 2048K, 2 young (4096K), 2 survivors (4096K)
 Metaspace       used 5435K, committed 5632K, reserved 1114112K
  class space    used 655K, committed 768K, reserved 1048576K
}
Event: 5.153 GC heap before
{Heap before GC invocations=1 (full 0):
 garbage-first heap   total 258048K, used 34439K [0x0000000704400000, 0x0000000800000000)
  region size 2048K, 17 young (34816K), 2 survivors (4096K)
 Metaspace       used 9479K, committed 9600K, reserved 1114112K
  class space    used 1152K, committed 1216K, reserved 1048576K
}
Event: 5.157 GC heap after
{Heap after GC invocations=2 (full 0):
 garbage-first heap   total 258048K, used 5150K [0x0000000704400000, 0x0000000800000000)
  region size 2048K, 1 young (2048K), 1 survivors (2048K)
 Metaspace       used 9479K, committed 9600K, reserved 1114112K
  class space    used 1152K, committed 1216K, reserved 1048576K
}

Deoptimization events (20 events):
Event: 6.514 Thread 0x000001b577b5cbb0 Uncommon trap: trap_request=0xffffff45 fr.pc=0x000001b507be2dc4 relative=0x00000000000002a4
Event: 6.514 Thread 0x000001b577b5cbb0 Uncommon trap: reason=unstable_if action=reinterpret pc=0x000001b507be2dc4 method=java.util.concurrent.ConcurrentHashMap.get(Ljava/lang/Object;)Ljava/lang/Object; @ 152 c2
Event: 6.514 Thread 0x000001b577b5cbb0 DEOPT PACKING pc=0x000001b507be2dc4 sp=0x00000070205fc830
Event: 6.514 Thread 0x000001b577b5cbb0 DEOPT UNPACKING pc=0x000001b5075823a3 sp=0x00000070205fc7a8 mode 2
Event: 6.514 Thread 0x000001b577b5cbb0 Uncommon trap: trap_request=0xffffffde fr.pc=0x000001b507b08bac relative=0x0000000000000f8c
Event: 6.514 Thread 0x000001b577b5cbb0 Uncommon trap: reason=class_check action=maybe_recompile pc=0x000001b507b08bac method=java.util.concurrent.ConcurrentHashMap.putVal(Ljava/lang/Object;Ljava/lang/Object;Z)Ljava/lang/Object; @ 242 c2
Event: 6.514 Thread 0x000001b577b5cbb0 DEOPT PACKING pc=0x000001b507b08bac sp=0x00000070205fc780
Event: 6.514 Thread 0x000001b577b5cbb0 DEOPT UNPACKING pc=0x000001b5075823a3 sp=0x00000070205fc6f0 mode 2
Event: 6.578 Thread 0x000001b577b5cbb0 Uncommon trap: trap_request=0xffffff45 fr.pc=0x000001b507c847d0 relative=0x0000000000000050
Event: 6.578 Thread 0x000001b577b5cbb0 Uncommon trap: reason=unstable_if action=reinterpret pc=0x000001b507c847d0 method=org.codehaus.plexus.util.xml.pull.MXParser.isValidCodePoint(I)Z @ 3 c2
Event: 6.578 Thread 0x000001b577b5cbb0 DEOPT PACKING pc=0x000001b507c847d0 sp=0x00000070205fc2a0
Event: 6.578 Thread 0x000001b577b5cbb0 DEOPT UNPACKING pc=0x000001b5075823a3 sp=0x00000070205fc230 mode 2
Event: 6.592 Thread 0x000001b577b5cbb0 Uncommon trap: trap_request=0xffffff45 fr.pc=0x000001b507c5d744 relative=0x0000000000000364
Event: 6.592 Thread 0x000001b577b5cbb0 Uncommon trap: reason=unstable_if action=reinterpret pc=0x000001b507c5d744 method=org.apache.maven.model.ConfigurationContainer.getLocation(Ljava/lang/Object;)Lorg/apache/maven/model/InputLocation; @ 18 c2
Event: 6.592 Thread 0x000001b577b5cbb0 DEOPT PACKING pc=0x000001b507c5d744 sp=0x00000070205fbf30
Event: 6.592 Thread 0x000001b577b5cbb0 DEOPT UNPACKING pc=0x000001b5075823a3 sp=0x00000070205fbed0 mode 2
Event: 6.600 Thread 0x000001b577b5cbb0 Uncommon trap: trap_request=0xffffff45 fr.pc=0x000001b507b5305c relative=0x000000000000059c
Event: 6.600 Thread 0x000001b577b5cbb0 Uncommon trap: reason=unstable_if action=reinterpret pc=0x000001b507b5305c method=java.lang.String.regionMatches(ZILjava/lang/String;II)Z @ 21 c2
Event: 6.600 Thread 0x000001b577b5cbb0 DEOPT PACKING pc=0x000001b507b5305c sp=0x00000070205fc6a0
Event: 6.600 Thread 0x000001b577b5cbb0 DEOPT UNPACKING pc=0x000001b5075823a3 sp=0x00000070205fc648 mode 2

Classes unloaded (0 events):
No events

Classes redefined (0 events):
No events

Internal exceptions (20 events):
Event: 4.562 Thread 0x000001b577b5cbb0 Exception <a 'java/lang/NoSuchMethodError'{0x000000071336a6d8}: 'void java.lang.invoke.DirectMethodHandle$Holder.invokeSpecial(java.lang.Object, java.lang.Object, java.lang.Object)'> (0x000000071336a6d8) 
thrown [s\open\src\hotspot\share\interpreter\linkResolver.cpp, line 759]
Event: 4.599 Thread 0x000001b577b5cbb0 Exception <a 'java/lang/NoSuchMethodError'{0x00000007130ce5a0}: 'java.lang.Object java.lang.invoke.DirectMethodHandle$Holder.invokeInterface(java.lang.Object, java.lang.Object)'> (0x00000007130ce5a0) 
thrown [s\open\src\hotspot\share\interpreter\linkResolver.cpp, line 759]
Event: 4.613 Thread 0x000001b577b5cbb0 Exception <a 'java/lang/NoSuchMethodError'{0x0000000713178098}: 'java.lang.Object java.lang.invoke.Invokers$Holder.invokeExact_MT(java.lang.Object, java.lang.Object, java.lang.Object, java.lang.Object, java.lang.Object, java.lang.Object)'> (0x0000000713178098) 
thrown [s\open\src\hotspot\share\interpreter\linkResolver.cpp, line 759]
Event: 4.615 Thread 0x000001b577b5cbb0 Exception <a 'java/lang/NoSuchMethodError'{0x00000007131894f8}: 'int java.lang.invoke.DirectMethodHandle$Holder.invokeSpecialIFC(java.lang.Object, java.lang.Object, java.lang.Object, java.lang.Object, java.lang.Object)'> (0x00000007131894f8) 
thrown [s\open\src\hotspot\share\interpreter\linkResolver.cpp, line 759]
Event: 4.655 Thread 0x000001b577b5cbb0 Exception <a 'java/lang/NoSuchMethodError'{0x0000000712f2bb00}: 'java.lang.Object java.lang.invoke.DirectMethodHandle$Holder.newInvokeSpecial(java.lang.Object, java.lang.Object, java.lang.Object, java.lang.Object, java.lang.Object)'> (0x0000000712f2bb00) 
thrown [s\open\src\hotspot\share\interpreter\linkResolver.cpp, line 759]
Event: 4.676 Thread 0x000001b577b5cbb0 Exception <a 'java/lang/NoSuchMethodError'{0x0000000712c30df8}: 'int java.lang.invoke.DirectMethodHandle$Holder.invokeStaticInit(java.lang.Object, java.lang.Object)'> (0x0000000712c30df8) 
thrown [s\open\src\hotspot\share\interpreter\linkResolver.cpp, line 759]
Event: 4.683 Thread 0x000001b577b5cbb0 Exception <a 'java/lang/NoClassDefFoundError'{0x0000000712c69118}: javax/enterprise/inject/Typed> (0x0000000712c69118) 
thrown [s\open\src\hotspot\share\classfile\systemDictionary.cpp, line 245]
Event: 5.246 Thread 0x000001b577b5cbb0 Exception <a 'java/lang/NoSuchMethodError'{0x0000000713b92d48}: 'void java.lang.invoke.DirectMethodHandle$Holder.invokeStaticInit(java.lang.Object, java.lang.Object, java.lang.Object)'> (0x0000000713b92d48) 
thrown [s\open\src\hotspot\share\interpreter\linkResolver.cpp, line 759]
Event: 5.250 Thread 0x000001b577b5cbb0 Exception <a 'java/lang/ExceptionInInitializerError'{0x0000000713bbe278}> (0x0000000713bbe278) 
thrown [s\open\src\hotspot\share\oops\instanceKlass.cpp, line 1216]
Event: 5.275 Thread 0x000001b577b5cbb0 Implicit null exception at 0x000001b507b54e2f to 0x000001b507b54f94
Event: 5.276 Thread 0x000001b577b5cbb0 Exception <a 'java/lang/NoSuchMethodError'{0x00000007138cdb58}: 'java.lang.Object java.lang.invoke.Invokers$Holder.invokeExact_MT(java.lang.Object, int, java.lang.Object)'> (0x00000007138cdb58) 
thrown [s\open\src\hotspot\share\interpreter\linkResolver.cpp, line 759]
Event: 5.286 Thread 0x000001b577b5cbb0 Exception <a 'java/lang/NoSuchMethodError'{0x000000071393a228}: 'int java.lang.invoke.DirectMethodHandle$Holder.invokeSpecial(java.lang.Object, java.lang.Object, java.lang.Object, java.lang.Object)'> (0x000000071393a228) 
thrown [s\open\src\hotspot\share\interpreter\linkResolver.cpp, line 759]
Event: 5.484 Thread 0x000001b577b5cbb0 Exception <a 'java/lang/NoClassDefFoundError'{0x000000071315a030}: com/google/inject/servlet/ServletModuleTargetVisitor> (0x000000071315a030) 
thrown [s\open\src\hotspot\share\classfile\systemDictionary.cpp, line 245]
Event: 5.526 Thread 0x000001b577b5cbb0 Exception <a 'java/lang/NoSuchMethodError'{0x0000000712eec458}: 'void java.lang.invoke.DirectMethodHandle$Holder.invokeVirtual(java.lang.Object, java.lang.Object)'> (0x0000000712eec458) 
thrown [s\open\src\hotspot\share\interpreter\linkResolver.cpp, line 759]
Event: 5.544 Thread 0x000001b577b5cbb0 Exception <a 'java/lang/NoSuchMethodError'{0x0000000712f64a60}: 'java.lang.Object java.lang.invoke.DirectMethodHandle$Holder.invokeStaticInit(java.lang.Object, int, int, int, int)'> (0x0000000712f64a60) 
thrown [s\open\src\hotspot\share\interpreter\linkResolver.cpp, line 759]
Event: 5.622 Thread 0x000001b577b5cbb0 Implicit null exception at 0x000001b507af5df2 to 0x000001b507af644c
Event: 5.622 Thread 0x000001b577b5cbb0 Implicit null exception at 0x000001b507afa472 to 0x000001b507afaaec
Event: 5.675 Thread 0x000001b577b5cbb0 Exception <a 'java/lang/NoSuchMethodError'{0x00000007129a5710}: 'void java.lang.invoke.DirectMethodHandle$Holder.invokeSpecial(java.lang.Object, java.lang.Object, java.lang.Object, java.lang.Object, java.lang.Object)'> (0x00000007129a5710) 
thrown [s\open\src\hotspot\share\interpreter\linkResolver.cpp, line 759]
Event: 5.678 Thread 0x000001b577b5cbb0 Exception <a 'java/lang/NoSuchMethodError'{0x00000007129c2d98}: 'void java.lang.invoke.DirectMethodHandle$Holder.invokeSpecial(java.lang.Object, java.lang.Object, java.lang.Object, java.lang.Object, java.lang.Object, java.lang.Object)'> (0x00000007129c2d98) 
thrown [s\open\src\hotspot\share\interpreter\linkResolver.cpp, line 759]
Event: 5.689 Thread 0x000001b577b5cbb0 Exception <a 'java/lang/NoSuchMethodError'{0x00000007126bb9c8}: 'java.lang.Object java.lang.invoke.DirectMethodHandle$Holder.invokeVirtual(java.lang.Object, java.lang.Object, java.lang.Object)'> (0x00000007126bb9c8) 
thrown [s\open\src\hotspot\share\interpreter\linkResolver.cpp, line 759]

VM Operations (20 events):
Event: 5.441 Executing VM operation: ICBufferFull
Event: 5.441 Executing VM operation: ICBufferFull done
Event: 5.466 Executing VM operation: HandshakeAllThreads
Event: 5.466 Executing VM operation: HandshakeAllThreads done
Event: 5.534 Executing VM operation: HandshakeAllThreads
Event: 5.534 Executing VM operation: HandshakeAllThreads done
Event: 5.552 Executing VM operation: HandshakeAllThreads
Event: 5.553 Executing VM operation: HandshakeAllThreads done
Event: 5.601 Executing VM operation: HandshakeAllThreads
Event: 5.601 Executing VM operation: HandshakeAllThreads done
Event: 5.602 Executing VM operation: HandshakeAllThreads
Event: 5.602 Executing VM operation: HandshakeAllThreads done
Event: 5.746 Executing VM operation: ICBufferFull
Event: 5.746 Executing VM operation: ICBufferFull done
Event: 6.114 Executing VM operation: ICBufferFull
Event: 6.114 Executing VM operation: ICBufferFull done
Event: 6.373 Executing VM operation: HandshakeAllThreads
Event: 6.373 Executing VM operation: HandshakeAllThreads done
Event: 6.575 Executing VM operation: ICBufferFull
Event: 6.575 Executing VM operation: ICBufferFull done

Events (20 events):
Event: 5.702 loading class java/util/spi/ResourceBundleProvider
Event: 5.703 loading class java/util/spi/ResourceBundleProvider done
Event: 5.703 loading class sun/util/resources/LocaleData$LocaleDataResourceBundleProvider done
Event: 5.703 loading class sun/util/resources/LocaleData$CommonResourceBundleProvider done
Event: 5.703 loading class sun/util/resources/Bundles$2
Event: 5.703 loading class sun/util/resources/Bundles$2 done
Event: 5.799 loading class java/util/stream/Streams$RangeIntSpliterator
Event: 5.799 loading class java/util/stream/Streams$RangeIntSpliterator done
Event: 6.137 loading class java/util/stream/MatchOps$MatchKind
Event: 6.138 loading class java/util/stream/MatchOps$MatchKind done
Event: 6.138 loading class java/util/stream/MatchOps
Event: 6.138 loading class java/util/stream/MatchOps done
Event: 6.138 loading class java/util/stream/MatchOps$MatchOp
Event: 6.138 loading class java/util/stream/MatchOps$MatchOp done
Event: 6.138 loading class java/util/stream/MatchOps$BooleanTerminalSink
Event: 6.139 loading class java/util/stream/MatchOps$BooleanTerminalSink done
Event: 6.140 loading class java/util/stream/MatchOps$1MatchSink
Event: 6.140 loading class java/util/stream/MatchOps$1MatchSink done
Event: 7.028 Thread 0x000001b56068fd80 Thread exited: 0x000001b56068fd80
Event: 7.028 Thread 0x000001b5602f2180 Thread exited: 0x000001b5602f2180


Dynamic libraries:
0x00007ff6fd600000 - 0x00007ff6fd610000 	C:\Program Files\Java\jdk-17\bin\java.exe
0x00007ffdf0c40000 - 0x00007ffdf0ea7000 	C:\WINDOWS\SYSTEM32\ntdll.dll
0x00007ffdee9d0000 - 0x00007ffdeea99000 	C:\WINDOWS\System32\KERNEL32.DLL
0x00007ffdee3b0000 - 0x00007ffdee7a0000 	C:\WINDOWS\System32\KERNELBASE.dll
0x00007ffdee110000 - 0x00007ffdee25b000 	C:\WINDOWS\System32\ucrtbase.dll
0x00007ffdd64d0000 - 0x00007ffdd64eb000 	C:\Program Files\Java\jdk-17\bin\VCRUNTIME140.dll
0x00007ffdd64b0000 - 0x00007ffdd64c9000 	C:\Program Files\Java\jdk-17\bin\jli.dll
0x00007ffdeeaa0000 - 0x00007ffdeeb54000 	C:\WINDOWS\System32\ADVAPI32.dll
0x00007ffdeed10000 - 0x00007ffdeedb9000 	C:\WINDOWS\System32\msvcrt.dll
0x00007ffdf0150000 - 0x00007ffdf01f6000 	C:\WINDOWS\System32\sechost.dll
0x00007ffdf0920000 - 0x00007ffdf0a38000 	C:\WINDOWS\System32\RPCRT4.dll
0x00007ffdeede0000 - 0x00007ffdeefa5000 	C:\WINDOWS\System32\USER32.dll
0x00007ffdedf60000 - 0x00007ffdedf87000 	C:\WINDOWS\System32\win32u.dll
0x00007ffddb240000 - 0x00007ffddb4da000 	C:\WINDOWS\WinSxS\amd64_microsoft.windows.common-controls_6595b64144ccf1df_6.0.26100.4768_none_3e0c112ce331287c\COMCTL32.dll
0x00007ffdf08f0000 - 0x00007ffdf091b000 	C:\WINDOWS\System32\GDI32.dll
0x00007ffdede20000 - 0x00007ffdedf58000 	C:\WINDOWS\System32\gdi32full.dll
0x00007ffdedd70000 - 0x00007ffdede13000 	C:\WINDOWS\System32\msvcp_win.dll
0x00007ffde5b50000 - 0x00007ffde5b5b000 	C:\WINDOWS\SYSTEM32\VERSION.dll
0x00007ffdef960000 - 0x00007ffdef98f000 	C:\WINDOWS\System32\IMM32.DLL
0x00007ffdc8da0000 - 0x00007ffdc8dac000 	C:\Program Files\Java\jdk-17\bin\vcruntime140_1.dll
0x00007ffd840b0000 - 0x00007ffd8413e000 	C:\Program Files\Java\jdk-17\bin\msvcp140.dll
0x00007ffd1afd0000 - 0x00007ffd1bbb0000 	C:\Program Files\Java\jdk-17\bin\server\jvm.dll
0x00007ffdeedc0000 - 0x00007ffdeedc8000 	C:\WINDOWS\System32\PSAPI.DLL
0x00007ffde1fe0000 - 0x00007ffde1fea000 	C:\WINDOWS\SYSTEM32\WSOCK32.dll
0x00007ffde2180000 - 0x00007ffde21b5000 	C:\WINDOWS\SYSTEM32\WINMM.dll
0x00007ffdef160000 - 0x00007ffdef1d4000 	C:\WINDOWS\System32\WS2_32.dll
0x00007ffdecaf0000 - 0x00007ffdecb0b000 	C:\WINDOWS\SYSTEM32\kernel.appcore.dll
0x00007ffdc8d90000 - 0x00007ffdc8d9a000 	C:\Program Files\Java\jdk-17\bin\jimage.dll
0x00007ffde9b80000 - 0x00007ffde9dc1000 	C:\WINDOWS\SYSTEM32\DBGHELP.DLL
0x00007ffdef380000 - 0x00007ffdef705000 	C:\WINDOWS\System32\combase.dll
0x00007ffdeeb70000 - 0x00007ffdeec50000 	C:\WINDOWS\System32\OLEAUT32.dll
0x00007ffddeec0000 - 0x00007ffddef03000 	C:\WINDOWS\SYSTEM32\dbgcore.DLL
0x00007ffdee930000 - 0x00007ffdee9c9000 	C:\WINDOWS\System32\bcryptPrimitives.dll
0x00007ffdc6c10000 - 0x00007ffdc6c35000 	C:\Program Files\Java\jdk-17\bin\java.dll
0x00007ffd7fae0000 - 0x00007ffd7fbb7000 	C:\Program Files\Java\jdk-17\bin\jsvml.dll
0x00007ffdefa00000 - 0x00007ffdf014d000 	C:\WINDOWS\System32\SHELL32.dll
0x00007ffdee7b0000 - 0x00007ffdee923000 	C:\WINDOWS\System32\wintypes.dll
0x00007ffdeb930000 - 0x00007ffdec190000 	C:\WINDOWS\SYSTEM32\windows.storage.dll
0x00007ffdef260000 - 0x00007ffdef355000 	C:\WINDOWS\System32\SHCORE.dll
0x00007ffdf0200000 - 0x00007ffdf026a000 	C:\WINDOWS\System32\shlwapi.dll
0x00007ffdedc90000 - 0x00007ffdedcb9000 	C:\WINDOWS\SYSTEM32\profapi.dll
0x00007ffdc31f0000 - 0x00007ffdc3209000 	C:\Program Files\Java\jdk-17\bin\net.dll
0x00007ffde7f30000 - 0x00007ffde804e000 	C:\WINDOWS\SYSTEM32\WINHTTP.dll
0x00007ffded080000 - 0x00007ffded0eb000 	C:\WINDOWS\system32\mswsock.dll
0x00007ffdbced0000 - 0x00007ffdbcee6000 	C:\Program Files\Java\jdk-17\bin\nio.dll
0x00007ffdbaa90000 - 0x00007ffdbaaa8000 	C:\Program Files\Java\jdk-17\bin\zip.dll
0x00007ffdba840000 - 0x00007ffdba864000 	D:\JORGE\TRABAJO\HERRAMIENTAS\apache-maven-3.9.9\lib\jansi-native\Windows\x86_64\jansi.dll
0x00007ffdbcfd0000 - 0x00007ffdbcfe0000 	C:\Program Files\Java\jdk-17\bin\verify.dll

dbghelp: loaded successfully - version: 4.0.5 - missing functions: none
symbol engine: initialized successfully - sym options: 0x614 - pdb path: .;C:\Program Files\Java\jdk-17\bin;C:\WINDOWS\SYSTEM32;C:\WINDOWS\WinSxS\amd64_microsoft.windows.common-controls_6595b64144ccf1df_6.0.26100.4768_none_3e0c112ce331287c;C:\Program Files\Java\jdk-17\bin\server;D:\JORGE\TRABAJO\HERRAMIENTAS\apache-maven-3.9.9\lib\jansi-native\Windows\x86_64

VM Arguments:
jvm_args: -Dclassworlds.conf=D:/JORGE/TRABAJO/HERRAMIENTAS/apache-maven-3.9.9/bin/m2.conf -Dmaven.home=D:/JORGE/TRABAJO/HERRAMIENTAS/apache-maven-3.9.9 -Dlibrary.jansi.path=D:/JORGE/TRABAJO/HERRAMIENTAS/apache-maven-3.9.9/lib/jansi-native -Dmaven.multiModuleProjectDirectory=D:/JORGE/APPS/ejercicio-practico-nttdata/msvc-customer-person 
java_command: org.codehaus.plexus.classworlds.launcher.Launcher clean package -DskipTests
java_class_path (initial): D:/JORGE/TRABAJO/HERRAMIENTAS/apache-maven-3.9.9/boot/plexus-classworlds-2.8.0.jar
Launcher Type: SUN_STANDARD

[Global flags]
     intx CICompilerCount                          = 4                                         {product} {ergonomic}
     uint ConcGCThreads                            = 2                                         {product} {ergonomic}
     uint G1ConcRefinementThreads                  = 8                                         {product} {ergonomic}
   size_t G1HeapRegionSize                         = 2097152                                   {product} {ergonomic}
    uintx GCDrainStackTargetSize                   = 64                                        {product} {ergonomic}
   size_t InitialHeapSize                          = 264241152                                 {product} {ergonomic}
   size_t MarkStackSize                            = 4194304                                   {product} {ergonomic}
   size_t MaxHeapSize                              = 4223664128                                {product} {ergonomic}
   size_t MaxNewSize                               = 2533359616                                {product} {ergonomic}
   size_t MinHeapDeltaBytes                        = 2097152                                   {product} {ergonomic}
   size_t MinHeapSize                              = 8388608                                   {product} {ergonomic}
    uintx NonNMethodCodeHeapSize                   = 5839372                                {pd product} {ergonomic}
    uintx NonProfiledCodeHeapSize                  = 122909434                              {pd product} {ergonomic}
    uintx ProfiledCodeHeapSize                     = 122909434                              {pd product} {ergonomic}
    uintx ReservedCodeCacheSize                    = 251658240                              {pd product} {ergonomic}
     bool SegmentedCodeCache                       = true                                      {product} {ergonomic}
   size_t SoftMaxHeapSize                          = 4223664128                             {manageable} {ergonomic}
     bool UseCompressedClassPointers               = true                           {product lp64_product} {ergonomic}
     bool UseCompressedOops                        = true                           {product lp64_product} {ergonomic}
     bool UseG1GC                                  = true                                      {product} {ergonomic}
     bool UseLargePagesIndividualAllocation        = false                                  {pd product} {ergonomic}

Logging:
Log output configuration:
 #0: stdout all=warning uptime,level,tags
 #1: stderr all=off uptime,level,tags

Environment Variables:
JAVA_HOME=C:/Program Files/Java/jdk-17
PATH=C:\Program Files\Git\mingw64\bin;C:\Program Files\Git\usr\bin;C:\Users\DELL\bin;C:\Program Files\Common Files\Oracle\Java\javapath;C:\WINDOWS\system32;C:\WINDOWS;C:\WINDOWS\System32\Wbem;C:\WINDOWS\System32\WindowsPowerShell\v1.0;C:\WINDOWS\System32\OpenSSH;C:\Program Files\Git\cmd;C:\Program Files\Docker;C:\Program Files\Docker\Docker\resources\bin;D:\JORGE\TRABAJO\HERRAMIENTAS\apache-maven-3.9.9\bin;C:\Program Files\Java\jdk-17\bin;C:\ProgramData\chocolatey\bin;C:\Program Files\Kubernetes\Minikube;C:\Program Files\Amazon\AWSCLIV2;C:\Program Files\Microsoft SQL Server\150\Tools\Binn;C:\Program Files\Microsoft SQL Server\Client SDK\ODBC\170\Tools\Binn;C:\Program Files\dotnet;C:\Users\DELL\AppData\Local\Microsoft\WindowsApps;C:\ProgramData\DELL\GitHubDesktop\bin;C:\Users\DELL\AppData\Local\GitHubDesktop\bin;C:\Users\DELL\.dotnet\tools
USERNAME=DELL
OS=Windows_NT
PROCESSOR_IDENTIFIER=Intel64 Family 6 Model 142 Stepping 10, GenuineIntel



---------------  S Y S T E M  ---------------

OS:
 Windows 11 , 64 bit Build 26100 (10.0.26100.4768)
OS uptime: 33 days 0:22 hours
Hyper-V role detected

CPU: total 8 (initial active 8) (4 cores per cpu, 2 threads per core) family 6 model 142 stepping 10 microcode 0xe0, cx8, cmov, fxsr, ht, mmx, 3dnowpref, sse, sse2, sse3, ssse3, sse4.1, sse4.2, popcnt, lzcnt, tsc, tscinvbit, avx, avx2, aes, erms, clmul, bmi1, bmi2, adx, fma, vzeroupper, clflush, clflushopt, hv

Memory: 4k page, system-wide physical 16107M (1066M free)
TotalPageFile size 47275M (AvailPageFile size 29M)
current process WorkingSet (physical memory assigned to process): 175M, peak: 175M
current process commit charge ("private bytes"): 392M, peak: 394M

vm_info: Java HotSpot(TM) 64-Bit Server VM (17.0.12+8-LTS-286) for windows-amd64 JRE (17.0.12+8-LTS-286), built on Jun  5 2024 06:46:59 by "mach5one" with MS VC++ 17.6 (VS2022)

END.
